<?xml version="1.0" encoding="UTF-8"?>
<!-- Generated by org.testng.reporters.JUnitReportReporter -->
<testsuite hostname="Malhari" failures="0" tests="4" name="RESTAssured1.Httprequest" time="4.779" errors="0" timestamp="2024-05-29T12:11:32 IST" skipped="0">
  <testcase classname="RESTAssured1.Httprequest" name="getUser" time="3.159"/>
  <testcase classname="RESTAssured1.Httprequest" name="createUser" time="0.870"/>
  <testcase classname="RESTAssured1.Httprequest" name="UpdateUser" time="0.378"/>
  <testcase classname="RESTAssured1.Httprequest" name="DeleteUser" time="0.372"/>
</testsuite> <!-- RESTAssured1.Httprequest -->
